The target system is: Generic -  - 
The host system is: Darwin - 15.6.0 - x86_64
Compiling the C compiler identification source file "CMakeCCompilerId.c" succeeded.
Compiler: /usr/local/CrossPack-AVR/bin/avr-gcc 
Build flags: -mmcu=atmega328p;-gstabs;-DF_CPU=16000000;-I/Users/liamsycamore/Documents/Arduino_Test/libarduinocore;-Os;-Wall;-Wstrict-prototypes;-std=gnu99;
Id flags:  

The output was:
0


Compilation of the C compiler identification source "CMakeCCompilerId.c" produced "a.out"

The C compiler identification is GNU, found in "/Users/liamsycamore/Documents/Arduino_Test/bin/CMakeFiles/3.9.0/CompilerIdC/a.out"

Compiling the CXX compiler identification source file "CMakeCXXCompilerId.cpp" succeeded.
Compiler: /usr/local/CrossPack-AVR/bin/avr-g++ 
Build flags: -mmcu=atmega328p;-DF_CPU=16000000;-I/Users/liamsycamore/Documents/Arduino_Test/libarduinocore;-Os
Id flags:  

The output was:
0


Compilation of the CXX compiler identification source "CMakeCXXCompilerId.cpp" produced "a.out"

The CXX compiler identification is GNU, found in "/Users/liamsycamore/Documents/Arduino_Test/bin/CMakeFiles/3.9.0/CompilerIdCXX/a.out"

Determining if the C compiler works passed with the following output:
Change Dir: /Users/liamsycamore/Documents/Arduino_Test/bin/CMakeFiles/CMakeTmp

Run Build Command:"/usr/bin/make" "cmTC_c2641/fast"
/Applications/Xcode.app/Contents/Developer/usr/bin/make -f CMakeFiles/cmTC_c2641.dir/build.make CMakeFiles/cmTC_c2641.dir/build
Building C object CMakeFiles/cmTC_c2641.dir/testCCompiler.c.obj
/usr/local/CrossPack-AVR/bin/avr-gcc   -mmcu=atmega328p -gstabs -DF_CPU=16000000 -I/Users/liamsycamore/Documents/Arduino_Test/libarduinocore -Os -Wall -Wstrict-prototypes -std=gnu99     -o CMakeFiles/cmTC_c2641.dir/testCCompiler.c.obj   -c /Users/liamsycamore/Documents/Arduino_Test/bin/CMakeFiles/CMakeTmp/testCCompiler.c
Linking C executable cmTC_c2641
/Applications/CMake.app/Contents/bin/cmake -E cmake_link_script CMakeFiles/cmTC_c2641.dir/link.txt --verbose=1
/usr/local/CrossPack-AVR/bin/avr-gcc -mmcu=atmega328p -gstabs -DF_CPU=16000000 -I/Users/liamsycamore/Documents/Arduino_Test/libarduinocore -Os -Wall -Wstrict-prototypes -std=gnu99      CMakeFiles/cmTC_c2641.dir/testCCompiler.c.obj  -o cmTC_c2641 


Detecting C compiler ABI info compiled with the following output:
Change Dir: /Users/liamsycamore/Documents/Arduino_Test/bin/CMakeFiles/CMakeTmp

Run Build Command:"/usr/bin/make" "cmTC_32c52/fast"
/Applications/Xcode.app/Contents/Developer/usr/bin/make -f CMakeFiles/cmTC_32c52.dir/build.make CMakeFiles/cmTC_32c52.dir/build
Building C object CMakeFiles/cmTC_32c52.dir/CMakeCCompilerABI.c.obj
/usr/local/CrossPack-AVR/bin/avr-gcc   -mmcu=atmega328p -gstabs -DF_CPU=16000000 -I/Users/liamsycamore/Documents/Arduino_Test/libarduinocore -Os -Wall -Wstrict-prototypes -std=gnu99     -o CMakeFiles/cmTC_32c52.dir/CMakeCCompilerABI.c.obj   -c /Applications/CMake.app/Contents/share/cmake-3.9/Modules/CMakeCCompilerABI.c
Linking C executable cmTC_32c52
/Applications/CMake.app/Contents/bin/cmake -E cmake_link_script CMakeFiles/cmTC_32c52.dir/link.txt --verbose=1
/usr/local/CrossPack-AVR/bin/avr-gcc -mmcu=atmega328p -gstabs -DF_CPU=16000000 -I/Users/liamsycamore/Documents/Arduino_Test/libarduinocore -Os -Wall -Wstrict-prototypes -std=gnu99     -v CMakeFiles/cmTC_32c52.dir/CMakeCCompilerABI.c.obj  -o cmTC_32c52 
Using built-in specs.
COLLECT_GCC=/usr/local/CrossPack-AVR/bin/avr-gcc
COLLECT_LTO_WRAPPER=/usr/local/CrossPack-AVR-20131216/libexec/gcc/avr/4.8.1/lto-wrapper
Target: avr
Configured with: ../configure --prefix=/usr/local/CrossPack-AVR-20131216 --disable-dependency-tracking --disable-nls --disable-werror --target=avr --enable-languages=c,c++ --disable-libssp --disable-libada --with-dwarf2 --disable-shared --with-avrlibc=yes --with-gmp=/Users/cs/Developer/Repos/Microcontroller/CrossPack-AVR/temporary-install --with-mpfr=/Users/cs/Developer/Repos/Microcontroller/CrossPack-AVR/temporary-install --with-mpc=/Users/cs/Developer/Repos/Microcontroller/CrossPack-AVR/temporary-install
Thread model: single
gcc version 4.8.1 (GCC) 
COMPILER_PATH=/usr/local/CrossPack-AVR-20131216/libexec/gcc/avr/4.8.1/:/usr/local/CrossPack-AVR-20131216/libexec/gcc/avr/4.8.1/:/usr/local/CrossPack-AVR-20131216/libexec/gcc/avr/:/usr/local/CrossPack-AVR-20131216/lib/gcc/avr/4.8.1/:/usr/local/CrossPack-AVR-20131216/lib/gcc/avr/:/usr/local/CrossPack-AVR-20131216/lib/gcc/avr/4.8.1/../../../../avr/bin/
LIBRARY_PATH=/usr/local/CrossPack-AVR-20131216/lib/gcc/avr/4.8.1/avr5/:/usr/local/CrossPack-AVR-20131216/lib/gcc/avr/4.8.1/../../../../avr/lib/avr5/:/usr/local/CrossPack-AVR-20131216/lib/gcc/avr/4.8.1/:/usr/local/CrossPack-AVR-20131216/lib/gcc/avr/4.8.1/../../../../avr/lib/
COLLECT_GCC_OPTIONS='-mmcu=atmega328p' '-gstabs' '-D' 'F_CPU=16000000' '-I' '/Users/liamsycamore/Documents/Arduino_Test/libarduinocore' '-Os' '-Wall' '-Wstrict-prototypes' '-std=gnu99' '-v' '-o' 'cmTC_32c52'
 /usr/local/CrossPack-AVR-20131216/libexec/gcc/avr/4.8.1/collect2 -m avr5 -Tdata 0x800100 -o cmTC_32c52 /usr/local/CrossPack-AVR-20131216/lib/gcc/avr/4.8.1/../../../../avr/lib/avr5/crtm328p.o -L/usr/local/CrossPack-AVR-20131216/lib/gcc/avr/4.8.1/avr5 -L/usr/local/CrossPack-AVR-20131216/lib/gcc/avr/4.8.1/../../../../avr/lib/avr5 -L/usr/local/CrossPack-AVR-20131216/lib/gcc/avr/4.8.1 -L/usr/local/CrossPack-AVR-20131216/lib/gcc/avr/4.8.1/../../../../avr/lib CMakeFiles/cmTC_32c52.dir/CMakeCCompilerABI.c.obj --start-group -lgcc -lm -lc --end-group


Parsed C implicit link information from above output:
  link line regex: [^( *|.*[/\])(avr-ld|CMAKE_LINK_STARTFILE-NOTFOUND|([^/\]+-)?ld|collect2)[^/\]*( |$)]
  ignore line: [Change Dir: /Users/liamsycamore/Documents/Arduino_Test/bin/CMakeFiles/CMakeTmp]
  ignore line: []
  ignore line: [Run Build Command:"/usr/bin/make" "cmTC_32c52/fast"]
  ignore line: [/Applications/Xcode.app/Contents/Developer/usr/bin/make -f CMakeFiles/cmTC_32c52.dir/build.make CMakeFiles/cmTC_32c52.dir/build]
  ignore line: [Building C object CMakeFiles/cmTC_32c52.dir/CMakeCCompilerABI.c.obj]
  ignore line: [/usr/local/CrossPack-AVR/bin/avr-gcc   -mmcu=atmega328p -gstabs -DF_CPU=16000000 -I/Users/liamsycamore/Documents/Arduino_Test/libarduinocore -Os -Wall -Wstrict-prototypes -std=gnu99     -o CMakeFiles/cmTC_32c52.dir/CMakeCCompilerABI.c.obj   -c /Applications/CMake.app/Contents/share/cmake-3.9/Modules/CMakeCCompilerABI.c]
  ignore line: [Linking C executable cmTC_32c52]
  ignore line: [/Applications/CMake.app/Contents/bin/cmake -E cmake_link_script CMakeFiles/cmTC_32c52.dir/link.txt --verbose=1]
  ignore line: [/usr/local/CrossPack-AVR/bin/avr-gcc -mmcu=atmega328p -gstabs -DF_CPU=16000000 -I/Users/liamsycamore/Documents/Arduino_Test/libarduinocore -Os -Wall -Wstrict-prototypes -std=gnu99     -v CMakeFiles/cmTC_32c52.dir/CMakeCCompilerABI.c.obj  -o cmTC_32c52 ]
  ignore line: [Using built-in specs.]
  ignore line: [COLLECT_GCC=/usr/local/CrossPack-AVR/bin/avr-gcc]
  ignore line: [COLLECT_LTO_WRAPPER=/usr/local/CrossPack-AVR-20131216/libexec/gcc/avr/4.8.1/lto-wrapper]
  ignore line: [Target: avr]
  ignore line: [Configured with: ../configure --prefix=/usr/local/CrossPack-AVR-20131216 --disable-dependency-tracking --disable-nls --disable-werror --target=avr --enable-languages=c,c++ --disable-libssp --disable-libada --with-dwarf2 --disable-shared --with-avrlibc=yes --with-gmp=/Users/cs/Developer/Repos/Microcontroller/CrossPack-AVR/temporary-install --with-mpfr=/Users/cs/Developer/Repos/Microcontroller/CrossPack-AVR/temporary-install --with-mpc=/Users/cs/Developer/Repos/Microcontroller/CrossPack-AVR/temporary-install]
  ignore line: [Thread model: single]
  ignore line: [gcc version 4.8.1 (GCC) ]
  ignore line: [COMPILER_PATH=/usr/local/CrossPack-AVR-20131216/libexec/gcc/avr/4.8.1/:/usr/local/CrossPack-AVR-20131216/libexec/gcc/avr/4.8.1/:/usr/local/CrossPack-AVR-20131216/libexec/gcc/avr/:/usr/local/CrossPack-AVR-20131216/lib/gcc/avr/4.8.1/:/usr/local/CrossPack-AVR-20131216/lib/gcc/avr/:/usr/local/CrossPack-AVR-20131216/lib/gcc/avr/4.8.1/../../../../avr/bin/]
  ignore line: [LIBRARY_PATH=/usr/local/CrossPack-AVR-20131216/lib/gcc/avr/4.8.1/avr5/:/usr/local/CrossPack-AVR-20131216/lib/gcc/avr/4.8.1/../../../../avr/lib/avr5/:/usr/local/CrossPack-AVR-20131216/lib/gcc/avr/4.8.1/:/usr/local/CrossPack-AVR-20131216/lib/gcc/avr/4.8.1/../../../../avr/lib/]
  ignore line: [COLLECT_GCC_OPTIONS='-mmcu=atmega328p' '-gstabs' '-D' 'F_CPU=16000000' '-I' '/Users/liamsycamore/Documents/Arduino_Test/libarduinocore' '-Os' '-Wall' '-Wstrict-prototypes' '-std=gnu99' '-v' '-o' 'cmTC_32c52']
  link line: [ /usr/local/CrossPack-AVR-20131216/libexec/gcc/avr/4.8.1/collect2 -m avr5 -Tdata 0x800100 -o cmTC_32c52 /usr/local/CrossPack-AVR-20131216/lib/gcc/avr/4.8.1/../../../../avr/lib/avr5/crtm328p.o -L/usr/local/CrossPack-AVR-20131216/lib/gcc/avr/4.8.1/avr5 -L/usr/local/CrossPack-AVR-20131216/lib/gcc/avr/4.8.1/../../../../avr/lib/avr5 -L/usr/local/CrossPack-AVR-20131216/lib/gcc/avr/4.8.1 -L/usr/local/CrossPack-AVR-20131216/lib/gcc/avr/4.8.1/../../../../avr/lib CMakeFiles/cmTC_32c52.dir/CMakeCCompilerABI.c.obj --start-group -lgcc -lm -lc --end-group]
    arg [/usr/local/CrossPack-AVR-20131216/libexec/gcc/avr/4.8.1/collect2] ==> ignore
    arg [-m] ==> ignore
    arg [avr5] ==> ignore
    arg [-Tdata] ==> ignore
    arg [0x800100] ==> ignore
    arg [-o] ==> ignore
    arg [cmTC_32c52] ==> ignore
    arg [/usr/local/CrossPack-AVR-20131216/lib/gcc/avr/4.8.1/../../../../avr/lib/avr5/crtm328p.o] ==> ignore
    arg [-L/usr/local/CrossPack-AVR-20131216/lib/gcc/avr/4.8.1/avr5] ==> dir [/usr/local/CrossPack-AVR-20131216/lib/gcc/avr/4.8.1/avr5]
    arg [-L/usr/local/CrossPack-AVR-20131216/lib/gcc/avr/4.8.1/../../../../avr/lib/avr5] ==> dir [/usr/local/CrossPack-AVR-20131216/lib/gcc/avr/4.8.1/../../../../avr/lib/avr5]
    arg [-L/usr/local/CrossPack-AVR-20131216/lib/gcc/avr/4.8.1] ==> dir [/usr/local/CrossPack-AVR-20131216/lib/gcc/avr/4.8.1]
    arg [-L/usr/local/CrossPack-AVR-20131216/lib/gcc/avr/4.8.1/../../../../avr/lib] ==> dir [/usr/local/CrossPack-AVR-20131216/lib/gcc/avr/4.8.1/../../../../avr/lib]
    arg [CMakeFiles/cmTC_32c52.dir/CMakeCCompilerABI.c.obj] ==> ignore
    arg [--start-group] ==> ignore
    arg [-lgcc] ==> lib [gcc]
    arg [-lm] ==> lib [m]
    arg [-lc] ==> lib [c]
    arg [--end-group] ==> ignore
  collapse library dir [/usr/local/CrossPack-AVR-20131216/lib/gcc/avr/4.8.1/avr5] ==> [/usr/local/CrossPack-AVR-20131216/lib/gcc/avr/4.8.1/avr5]
  collapse library dir [/usr/local/CrossPack-AVR-20131216/lib/gcc/avr/4.8.1/../../../../avr/lib/avr5] ==> [/usr/local/CrossPack-AVR-20131216/avr/lib/avr5]
  collapse library dir [/usr/local/CrossPack-AVR-20131216/lib/gcc/avr/4.8.1] ==> [/usr/local/CrossPack-AVR-20131216/lib/gcc/avr/4.8.1]
  collapse library dir [/usr/local/CrossPack-AVR-20131216/lib/gcc/avr/4.8.1/../../../../avr/lib] ==> [/usr/local/CrossPack-AVR-20131216/avr/lib]
  implicit libs: [gcc;m;c]
  implicit dirs: [/usr/local/CrossPack-AVR-20131216/lib/gcc/avr/4.8.1/avr5;/usr/local/CrossPack-AVR-20131216/avr/lib/avr5;/usr/local/CrossPack-AVR-20131216/lib/gcc/avr/4.8.1;/usr/local/CrossPack-AVR-20131216/avr/lib]
  implicit fwks: []




Detecting C [-std=c11] compiler features compiled with the following output:
Change Dir: /Users/liamsycamore/Documents/Arduino_Test/bin/CMakeFiles/CMakeTmp

Run Build Command:"/usr/bin/make" "cmTC_17af0/fast"
/Applications/Xcode.app/Contents/Developer/usr/bin/make -f CMakeFiles/cmTC_17af0.dir/build.make CMakeFiles/cmTC_17af0.dir/build
Building C object CMakeFiles/cmTC_17af0.dir/feature_tests.c.obj
/usr/local/CrossPack-AVR/bin/avr-gcc   -mmcu=atmega328p -gstabs -DF_CPU=16000000 -I/Users/liamsycamore/Documents/Arduino_Test/libarduinocore -Os -Wall -Wstrict-prototypes -std=gnu99     -std=c11 -o CMakeFiles/cmTC_17af0.dir/feature_tests.c.obj   -c /Users/liamsycamore/Documents/Arduino_Test/bin/CMakeFiles/feature_tests.c
Linking C executable cmTC_17af0
/Applications/CMake.app/Contents/bin/cmake -E cmake_link_script CMakeFiles/cmTC_17af0.dir/link.txt --verbose=1
/usr/local/CrossPack-AVR/bin/avr-gcc -mmcu=atmega328p -gstabs -DF_CPU=16000000 -I/Users/liamsycamore/Documents/Arduino_Test/libarduinocore -Os -Wall -Wstrict-prototypes -std=gnu99      CMakeFiles/cmTC_17af0.dir/feature_tests.c.obj  -o cmTC_17af0 


    Feature record: C_FEATURE:1c_function_prototypes
    Feature record: C_FEATURE:1c_restrict
    Feature record: C_FEATURE:1c_static_assert
    Feature record: C_FEATURE:1c_variadic_macros


Detecting C [-std=c99] compiler features compiled with the following output:
Change Dir: /Users/liamsycamore/Documents/Arduino_Test/bin/CMakeFiles/CMakeTmp

Run Build Command:"/usr/bin/make" "cmTC_fbaf5/fast"
/Applications/Xcode.app/Contents/Developer/usr/bin/make -f CMakeFiles/cmTC_fbaf5.dir/build.make CMakeFiles/cmTC_fbaf5.dir/build
Building C object CMakeFiles/cmTC_fbaf5.dir/feature_tests.c.obj
/usr/local/CrossPack-AVR/bin/avr-gcc   -mmcu=atmega328p -gstabs -DF_CPU=16000000 -I/Users/liamsycamore/Documents/Arduino_Test/libarduinocore -Os -Wall -Wstrict-prototypes -std=gnu99     -std=c99 -o CMakeFiles/cmTC_fbaf5.dir/feature_tests.c.obj   -c /Users/liamsycamore/Documents/Arduino_Test/bin/CMakeFiles/feature_tests.c
Linking C executable cmTC_fbaf5
/Applications/CMake.app/Contents/bin/cmake -E cmake_link_script CMakeFiles/cmTC_fbaf5.dir/link.txt --verbose=1
/usr/local/CrossPack-AVR/bin/avr-gcc -mmcu=atmega328p -gstabs -DF_CPU=16000000 -I/Users/liamsycamore/Documents/Arduino_Test/libarduinocore -Os -Wall -Wstrict-prototypes -std=gnu99      CMakeFiles/cmTC_fbaf5.dir/feature_tests.c.obj  -o cmTC_fbaf5 


    Feature record: C_FEATURE:1c_function_prototypes
    Feature record: C_FEATURE:1c_restrict
    Feature record: C_FEATURE:0c_static_assert
    Feature record: C_FEATURE:1c_variadic_macros


Detecting C [-std=c90] compiler features compiled with the following output:
Change Dir: /Users/liamsycamore/Documents/Arduino_Test/bin/CMakeFiles/CMakeTmp

Run Build Command:"/usr/bin/make" "cmTC_14aa2/fast"
/Applications/Xcode.app/Contents/Developer/usr/bin/make -f CMakeFiles/cmTC_14aa2.dir/build.make CMakeFiles/cmTC_14aa2.dir/build
Building C object CMakeFiles/cmTC_14aa2.dir/feature_tests.c.obj
/usr/local/CrossPack-AVR/bin/avr-gcc   -mmcu=atmega328p -gstabs -DF_CPU=16000000 -I/Users/liamsycamore/Documents/Arduino_Test/libarduinocore -Os -Wall -Wstrict-prototypes -std=gnu99     -std=c90 -o CMakeFiles/cmTC_14aa2.dir/feature_tests.c.obj   -c /Users/liamsycamore/Documents/Arduino_Test/bin/CMakeFiles/feature_tests.c
Linking C executable cmTC_14aa2
/Applications/CMake.app/Contents/bin/cmake -E cmake_link_script CMakeFiles/cmTC_14aa2.dir/link.txt --verbose=1
/usr/local/CrossPack-AVR/bin/avr-gcc -mmcu=atmega328p -gstabs -DF_CPU=16000000 -I/Users/liamsycamore/Documents/Arduino_Test/libarduinocore -Os -Wall -Wstrict-prototypes -std=gnu99      CMakeFiles/cmTC_14aa2.dir/feature_tests.c.obj  -o cmTC_14aa2 


    Feature record: C_FEATURE:1c_function_prototypes
    Feature record: C_FEATURE:0c_restrict
    Feature record: C_FEATURE:0c_static_assert
    Feature record: C_FEATURE:0c_variadic_macros
Determining if the CXX compiler works passed with the following output:
Change Dir: /Users/liamsycamore/Documents/Arduino_Test/bin/CMakeFiles/CMakeTmp

Run Build Command:"/usr/bin/make" "cmTC_3c389/fast"
/Applications/Xcode.app/Contents/Developer/usr/bin/make -f CMakeFiles/cmTC_3c389.dir/build.make CMakeFiles/cmTC_3c389.dir/build
Building CXX object CMakeFiles/cmTC_3c389.dir/testCXXCompiler.cxx.obj
/usr/local/CrossPack-AVR/bin/avr-g++    -mmcu=atmega328p -DF_CPU=16000000 -I/Users/liamsycamore/Documents/Arduino_Test/libarduinocore -Os    -o CMakeFiles/cmTC_3c389.dir/testCXXCompiler.cxx.obj -c /Users/liamsycamore/Documents/Arduino_Test/bin/CMakeFiles/CMakeTmp/testCXXCompiler.cxx
Linking CXX executable cmTC_3c389
/Applications/CMake.app/Contents/bin/cmake -E cmake_link_script CMakeFiles/cmTC_3c389.dir/link.txt --verbose=1
/usr/local/CrossPack-AVR/bin/avr-g++  -mmcu=atmega328p -DF_CPU=16000000 -I/Users/liamsycamore/Documents/Arduino_Test/libarduinocore -Os     CMakeFiles/cmTC_3c389.dir/testCXXCompiler.cxx.obj  -o cmTC_3c389 


Detecting CXX compiler ABI info compiled with the following output:
Change Dir: /Users/liamsycamore/Documents/Arduino_Test/bin/CMakeFiles/CMakeTmp

Run Build Command:"/usr/bin/make" "cmTC_5d966/fast"
/Applications/Xcode.app/Contents/Developer/usr/bin/make -f CMakeFiles/cmTC_5d966.dir/build.make CMakeFiles/cmTC_5d966.dir/build
Building CXX object CMakeFiles/cmTC_5d966.dir/CMakeCXXCompilerABI.cpp.obj
/usr/local/CrossPack-AVR/bin/avr-g++    -mmcu=atmega328p -DF_CPU=16000000 -I/Users/liamsycamore/Documents/Arduino_Test/libarduinocore -Os    -o CMakeFiles/cmTC_5d966.dir/CMakeCXXCompilerABI.cpp.obj -c /Applications/CMake.app/Contents/share/cmake-3.9/Modules/CMakeCXXCompilerABI.cpp
Linking CXX executable cmTC_5d966
/Applications/CMake.app/Contents/bin/cmake -E cmake_link_script CMakeFiles/cmTC_5d966.dir/link.txt --verbose=1
/usr/local/CrossPack-AVR/bin/avr-g++  -mmcu=atmega328p -DF_CPU=16000000 -I/Users/liamsycamore/Documents/Arduino_Test/libarduinocore -Os    -v CMakeFiles/cmTC_5d966.dir/CMakeCXXCompilerABI.cpp.obj  -o cmTC_5d966 
Using built-in specs.
COLLECT_GCC=/usr/local/CrossPack-AVR/bin/avr-g++
COLLECT_LTO_WRAPPER=/usr/local/CrossPack-AVR-20131216/libexec/gcc/avr/4.8.1/lto-wrapper
Target: avr
Configured with: ../configure --prefix=/usr/local/CrossPack-AVR-20131216 --disable-dependency-tracking --disable-nls --disable-werror --target=avr --enable-languages=c,c++ --disable-libssp --disable-libada --with-dwarf2 --disable-shared --with-avrlibc=yes --with-gmp=/Users/cs/Developer/Repos/Microcontroller/CrossPack-AVR/temporary-install --with-mpfr=/Users/cs/Developer/Repos/Microcontroller/CrossPack-AVR/temporary-install --with-mpc=/Users/cs/Developer/Repos/Microcontroller/CrossPack-AVR/temporary-install
Thread model: single
gcc version 4.8.1 (GCC) 
COMPILER_PATH=/usr/local/CrossPack-AVR-20131216/libexec/gcc/avr/4.8.1/:/usr/local/CrossPack-AVR-20131216/libexec/gcc/avr/4.8.1/:/usr/local/CrossPack-AVR-20131216/libexec/gcc/avr/:/usr/local/CrossPack-AVR-20131216/lib/gcc/avr/4.8.1/:/usr/local/CrossPack-AVR-20131216/lib/gcc/avr/:/usr/local/CrossPack-AVR-20131216/lib/gcc/avr/4.8.1/../../../../avr/bin/
LIBRARY_PATH=/usr/local/CrossPack-AVR-20131216/lib/gcc/avr/4.8.1/avr5/:/usr/local/CrossPack-AVR-20131216/lib/gcc/avr/4.8.1/../../../../avr/lib/avr5/:/usr/local/CrossPack-AVR-20131216/lib/gcc/avr/4.8.1/:/usr/local/CrossPack-AVR-20131216/lib/gcc/avr/4.8.1/../../../../avr/lib/
COLLECT_GCC_OPTIONS='-mmcu=atmega328p' '-D' 'F_CPU=16000000' '-I' '/Users/liamsycamore/Documents/Arduino_Test/libarduinocore' '-Os' '-v' '-o' 'cmTC_5d966'
 /usr/local/CrossPack-AVR-20131216/libexec/gcc/avr/4.8.1/collect2 -m avr5 -Tdata 0x800100 -o cmTC_5d966 /usr/local/CrossPack-AVR-20131216/lib/gcc/avr/4.8.1/../../../../avr/lib/avr5/crtm328p.o -L/usr/local/CrossPack-AVR-20131216/lib/gcc/avr/4.8.1/avr5 -L/usr/local/CrossPack-AVR-20131216/lib/gcc/avr/4.8.1/../../../../avr/lib/avr5 -L/usr/local/CrossPack-AVR-20131216/lib/gcc/avr/4.8.1 -L/usr/local/CrossPack-AVR-20131216/lib/gcc/avr/4.8.1/../../../../avr/lib CMakeFiles/cmTC_5d966.dir/CMakeCXXCompilerABI.cpp.obj -lgcc -lm --start-group -lgcc -lm -lc --end-group


Parsed CXX implicit link information from above output:
  link line regex: [^( *|.*[/\])(avr-ld|CMAKE_LINK_STARTFILE-NOTFOUND|([^/\]+-)?ld|collect2)[^/\]*( |$)]
  ignore line: [Change Dir: /Users/liamsycamore/Documents/Arduino_Test/bin/CMakeFiles/CMakeTmp]
  ignore line: []
  ignore line: [Run Build Command:"/usr/bin/make" "cmTC_5d966/fast"]
  ignore line: [/Applications/Xcode.app/Contents/Developer/usr/bin/make -f CMakeFiles/cmTC_5d966.dir/build.make CMakeFiles/cmTC_5d966.dir/build]
  ignore line: [Building CXX object CMakeFiles/cmTC_5d966.dir/CMakeCXXCompilerABI.cpp.obj]
  ignore line: [/usr/local/CrossPack-AVR/bin/avr-g++    -mmcu=atmega328p -DF_CPU=16000000 -I/Users/liamsycamore/Documents/Arduino_Test/libarduinocore -Os    -o CMakeFiles/cmTC_5d966.dir/CMakeCXXCompilerABI.cpp.obj -c /Applications/CMake.app/Contents/share/cmake-3.9/Modules/CMakeCXXCompilerABI.cpp]
  ignore line: [Linking CXX executable cmTC_5d966]
  ignore line: [/Applications/CMake.app/Contents/bin/cmake -E cmake_link_script CMakeFiles/cmTC_5d966.dir/link.txt --verbose=1]
  ignore line: [/usr/local/CrossPack-AVR/bin/avr-g++  -mmcu=atmega328p -DF_CPU=16000000 -I/Users/liamsycamore/Documents/Arduino_Test/libarduinocore -Os    -v CMakeFiles/cmTC_5d966.dir/CMakeCXXCompilerABI.cpp.obj  -o cmTC_5d966 ]
  ignore line: [Using built-in specs.]
  ignore line: [COLLECT_GCC=/usr/local/CrossPack-AVR/bin/avr-g++]
  ignore line: [COLLECT_LTO_WRAPPER=/usr/local/CrossPack-AVR-20131216/libexec/gcc/avr/4.8.1/lto-wrapper]
  ignore line: [Target: avr]
  ignore line: [Configured with: ../configure --prefix=/usr/local/CrossPack-AVR-20131216 --disable-dependency-tracking --disable-nls --disable-werror --target=avr --enable-languages=c,c++ --disable-libssp --disable-libada --with-dwarf2 --disable-shared --with-avrlibc=yes --with-gmp=/Users/cs/Developer/Repos/Microcontroller/CrossPack-AVR/temporary-install --with-mpfr=/Users/cs/Developer/Repos/Microcontroller/CrossPack-AVR/temporary-install --with-mpc=/Users/cs/Developer/Repos/Microcontroller/CrossPack-AVR/temporary-install]
  ignore line: [Thread model: single]
  ignore line: [gcc version 4.8.1 (GCC) ]
  ignore line: [COMPILER_PATH=/usr/local/CrossPack-AVR-20131216/libexec/gcc/avr/4.8.1/:/usr/local/CrossPack-AVR-20131216/libexec/gcc/avr/4.8.1/:/usr/local/CrossPack-AVR-20131216/libexec/gcc/avr/:/usr/local/CrossPack-AVR-20131216/lib/gcc/avr/4.8.1/:/usr/local/CrossPack-AVR-20131216/lib/gcc/avr/:/usr/local/CrossPack-AVR-20131216/lib/gcc/avr/4.8.1/../../../../avr/bin/]
  ignore line: [LIBRARY_PATH=/usr/local/CrossPack-AVR-20131216/lib/gcc/avr/4.8.1/avr5/:/usr/local/CrossPack-AVR-20131216/lib/gcc/avr/4.8.1/../../../../avr/lib/avr5/:/usr/local/CrossPack-AVR-20131216/lib/gcc/avr/4.8.1/:/usr/local/CrossPack-AVR-20131216/lib/gcc/avr/4.8.1/../../../../avr/lib/]
  ignore line: [COLLECT_GCC_OPTIONS='-mmcu=atmega328p' '-D' 'F_CPU=16000000' '-I' '/Users/liamsycamore/Documents/Arduino_Test/libarduinocore' '-Os' '-v' '-o' 'cmTC_5d966']
  link line: [ /usr/local/CrossPack-AVR-20131216/libexec/gcc/avr/4.8.1/collect2 -m avr5 -Tdata 0x800100 -o cmTC_5d966 /usr/local/CrossPack-AVR-20131216/lib/gcc/avr/4.8.1/../../../../avr/lib/avr5/crtm328p.o -L/usr/local/CrossPack-AVR-20131216/lib/gcc/avr/4.8.1/avr5 -L/usr/local/CrossPack-AVR-20131216/lib/gcc/avr/4.8.1/../../../../avr/lib/avr5 -L/usr/local/CrossPack-AVR-20131216/lib/gcc/avr/4.8.1 -L/usr/local/CrossPack-AVR-20131216/lib/gcc/avr/4.8.1/../../../../avr/lib CMakeFiles/cmTC_5d966.dir/CMakeCXXCompilerABI.cpp.obj -lgcc -lm --start-group -lgcc -lm -lc --end-group]
    arg [/usr/local/CrossPack-AVR-20131216/libexec/gcc/avr/4.8.1/collect2] ==> ignore
    arg [-m] ==> ignore
    arg [avr5] ==> ignore
    arg [-Tdata] ==> ignore
    arg [0x800100] ==> ignore
    arg [-o] ==> ignore
    arg [cmTC_5d966] ==> ignore
    arg [/usr/local/CrossPack-AVR-20131216/lib/gcc/avr/4.8.1/../../../../avr/lib/avr5/crtm328p.o] ==> ignore
    arg [-L/usr/local/CrossPack-AVR-20131216/lib/gcc/avr/4.8.1/avr5] ==> dir [/usr/local/CrossPack-AVR-20131216/lib/gcc/avr/4.8.1/avr5]
    arg [-L/usr/local/CrossPack-AVR-20131216/lib/gcc/avr/4.8.1/../../../../avr/lib/avr5] ==> dir [/usr/local/CrossPack-AVR-20131216/lib/gcc/avr/4.8.1/../../../../avr/lib/avr5]
    arg [-L/usr/local/CrossPack-AVR-20131216/lib/gcc/avr/4.8.1] ==> dir [/usr/local/CrossPack-AVR-20131216/lib/gcc/avr/4.8.1]
    arg [-L/usr/local/CrossPack-AVR-20131216/lib/gcc/avr/4.8.1/../../../../avr/lib] ==> dir [/usr/local/CrossPack-AVR-20131216/lib/gcc/avr/4.8.1/../../../../avr/lib]
    arg [CMakeFiles/cmTC_5d966.dir/CMakeCXXCompilerABI.cpp.obj] ==> ignore
    arg [-lgcc] ==> lib [gcc]
    arg [-lm] ==> lib [m]
    arg [--start-group] ==> ignore
    arg [-lgcc] ==> lib [gcc]
    arg [-lm] ==> lib [m]
    arg [-lc] ==> lib [c]
    arg [--end-group] ==> ignore
  collapse library dir [/usr/local/CrossPack-AVR-20131216/lib/gcc/avr/4.8.1/avr5] ==> [/usr/local/CrossPack-AVR-20131216/lib/gcc/avr/4.8.1/avr5]
  collapse library dir [/usr/local/CrossPack-AVR-20131216/lib/gcc/avr/4.8.1/../../../../avr/lib/avr5] ==> [/usr/local/CrossPack-AVR-20131216/avr/lib/avr5]
  collapse library dir [/usr/local/CrossPack-AVR-20131216/lib/gcc/avr/4.8.1] ==> [/usr/local/CrossPack-AVR-20131216/lib/gcc/avr/4.8.1]
  collapse library dir [/usr/local/CrossPack-AVR-20131216/lib/gcc/avr/4.8.1/../../../../avr/lib] ==> [/usr/local/CrossPack-AVR-20131216/avr/lib]
  implicit libs: [gcc;m;gcc;m;c]
  implicit dirs: [/usr/local/CrossPack-AVR-20131216/lib/gcc/avr/4.8.1/avr5;/usr/local/CrossPack-AVR-20131216/avr/lib/avr5;/usr/local/CrossPack-AVR-20131216/lib/gcc/avr/4.8.1;/usr/local/CrossPack-AVR-20131216/avr/lib]
  implicit fwks: []




Detecting CXX [-std=c++1y] compiler features compiled with the following output:
Change Dir: /Users/liamsycamore/Documents/Arduino_Test/bin/CMakeFiles/CMakeTmp

Run Build Command:"/usr/bin/make" "cmTC_82ce0/fast"
/Applications/Xcode.app/Contents/Developer/usr/bin/make -f CMakeFiles/cmTC_82ce0.dir/build.make CMakeFiles/cmTC_82ce0.dir/build
Building CXX object CMakeFiles/cmTC_82ce0.dir/feature_tests.cxx.obj
/usr/local/CrossPack-AVR/bin/avr-g++    -mmcu=atmega328p -DF_CPU=16000000 -I/Users/liamsycamore/Documents/Arduino_Test/libarduinocore -Os    -std=c++1y -o CMakeFiles/cmTC_82ce0.dir/feature_tests.cxx.obj -c /Users/liamsycamore/Documents/Arduino_Test/bin/CMakeFiles/feature_tests.cxx
Linking CXX executable cmTC_82ce0
/Applications/CMake.app/Contents/bin/cmake -E cmake_link_script CMakeFiles/cmTC_82ce0.dir/link.txt --verbose=1
/usr/local/CrossPack-AVR/bin/avr-g++  -mmcu=atmega328p -DF_CPU=16000000 -I/Users/liamsycamore/Documents/Arduino_Test/libarduinocore -Os     CMakeFiles/cmTC_82ce0.dir/feature_tests.cxx.obj  -o cmTC_82ce0 


    Feature record: CXX_FEATURE:0cxx_aggregate_default_initializers
    Feature record: CXX_FEATURE:1cxx_alias_templates
    Feature record: CXX_FEATURE:1cxx_alignas
    Feature record: CXX_FEATURE:1cxx_alignof
    Feature record: CXX_FEATURE:1cxx_attributes
    Feature record: CXX_FEATURE:0cxx_attribute_deprecated
    Feature record: CXX_FEATURE:1cxx_auto_type
    Feature record: CXX_FEATURE:0cxx_binary_literals
    Feature record: CXX_FEATURE:1cxx_constexpr
    Feature record: CXX_FEATURE:0cxx_contextual_conversions
    Feature record: CXX_FEATURE:1cxx_decltype
    Feature record: CXX_FEATURE:0cxx_decltype_auto
    Feature record: CXX_FEATURE:1cxx_decltype_incomplete_return_types
    Feature record: CXX_FEATURE:1cxx_default_function_template_args
    Feature record: CXX_FEATURE:1cxx_defaulted_functions
    Feature record: CXX_FEATURE:1cxx_defaulted_move_initializers
    Feature record: CXX_FEATURE:1cxx_delegating_constructors
    Feature record: CXX_FEATURE:1cxx_deleted_functions
    Feature record: CXX_FEATURE:0cxx_digit_separators
    Feature record: CXX_FEATURE:1cxx_enum_forward_declarations
    Feature record: CXX_FEATURE:1cxx_explicit_conversions
    Feature record: CXX_FEATURE:1cxx_extended_friend_declarations
    Feature record: CXX_FEATURE:1cxx_extern_templates
    Feature record: CXX_FEATURE:1cxx_final
    Feature record: CXX_FEATURE:1cxx_func_identifier
    Feature record: CXX_FEATURE:1cxx_generalized_initializers
    Feature record: CXX_FEATURE:0cxx_generic_lambdas
    Feature record: CXX_FEATURE:1cxx_inheriting_constructors
    Feature record: CXX_FEATURE:1cxx_inline_namespaces
    Feature record: CXX_FEATURE:1cxx_lambdas
    Feature record: CXX_FEATURE:0cxx_lambda_init_captures
    Feature record: CXX_FEATURE:1cxx_local_type_template_args
    Feature record: CXX_FEATURE:1cxx_long_long_type
    Feature record: CXX_FEATURE:1cxx_noexcept
    Feature record: CXX_FEATURE:1cxx_nonstatic_member_init
    Feature record: CXX_FEATURE:1cxx_nullptr
    Feature record: CXX_FEATURE:1cxx_override
    Feature record: CXX_FEATURE:1cxx_range_for
    Feature record: CXX_FEATURE:1cxx_raw_string_literals
    Feature record: CXX_FEATURE:1cxx_reference_qualified_functions
    Feature record: CXX_FEATURE:0cxx_relaxed_constexpr
    Feature record: CXX_FEATURE:0cxx_return_type_deduction
    Feature record: CXX_FEATURE:1cxx_right_angle_brackets
    Feature record: CXX_FEATURE:1cxx_rvalue_references
    Feature record: CXX_FEATURE:1cxx_sizeof_member
    Feature record: CXX_FEATURE:1cxx_static_assert
    Feature record: CXX_FEATURE:1cxx_strong_enums
    Feature record: CXX_FEATURE:1cxx_template_template_parameters
    Feature record: CXX_FEATURE:1cxx_thread_local
    Feature record: CXX_FEATURE:1cxx_trailing_return_types
    Feature record: CXX_FEATURE:1cxx_unicode_literals
    Feature record: CXX_FEATURE:1cxx_uniform_initialization
    Feature record: CXX_FEATURE:1cxx_unrestricted_unions
    Feature record: CXX_FEATURE:1cxx_user_literals
    Feature record: CXX_FEATURE:0cxx_variable_templates
    Feature record: CXX_FEATURE:1cxx_variadic_macros
    Feature record: CXX_FEATURE:1cxx_variadic_templates


Detecting CXX [-std=c++11] compiler features compiled with the following output:
Change Dir: /Users/liamsycamore/Documents/Arduino_Test/bin/CMakeFiles/CMakeTmp

Run Build Command:"/usr/bin/make" "cmTC_aa240/fast"
/Applications/Xcode.app/Contents/Developer/usr/bin/make -f CMakeFiles/cmTC_aa240.dir/build.make CMakeFiles/cmTC_aa240.dir/build
Building CXX object CMakeFiles/cmTC_aa240.dir/feature_tests.cxx.obj
/usr/local/CrossPack-AVR/bin/avr-g++    -mmcu=atmega328p -DF_CPU=16000000 -I/Users/liamsycamore/Documents/Arduino_Test/libarduinocore -Os    -std=c++11 -o CMakeFiles/cmTC_aa240.dir/feature_tests.cxx.obj -c /Users/liamsycamore/Documents/Arduino_Test/bin/CMakeFiles/feature_tests.cxx
Linking CXX executable cmTC_aa240
/Applications/CMake.app/Contents/bin/cmake -E cmake_link_script CMakeFiles/cmTC_aa240.dir/link.txt --verbose=1
/usr/local/CrossPack-AVR/bin/avr-g++  -mmcu=atmega328p -DF_CPU=16000000 -I/Users/liamsycamore/Documents/Arduino_Test/libarduinocore -Os     CMakeFiles/cmTC_aa240.dir/feature_tests.cxx.obj  -o cmTC_aa240 


    Feature record: CXX_FEATURE:0cxx_aggregate_default_initializers
    Feature record: CXX_FEATURE:1cxx_alias_templates
    Feature record: CXX_FEATURE:1cxx_alignas
    Feature record: CXX_FEATURE:1cxx_alignof
    Feature record: CXX_FEATURE:1cxx_attributes
    Feature record: CXX_FEATURE:0cxx_attribute_deprecated
    Feature record: CXX_FEATURE:1cxx_auto_type
    Feature record: CXX_FEATURE:0cxx_binary_literals
    Feature record: CXX_FEATURE:1cxx_constexpr
    Feature record: CXX_FEATURE:0cxx_contextual_conversions
    Feature record: CXX_FEATURE:1cxx_decltype
    Feature record: CXX_FEATURE:0cxx_decltype_auto
    Feature record: CXX_FEATURE:1cxx_decltype_incomplete_return_types
    Feature record: CXX_FEATURE:1cxx_default_function_template_args
    Feature record: CXX_FEATURE:1cxx_defaulted_functions
    Feature record: CXX_FEATURE:1cxx_defaulted_move_initializers
    Feature record: CXX_FEATURE:1cxx_delegating_constructors
    Feature record: CXX_FEATURE:1cxx_deleted_functions
    Feature record: CXX_FEATURE:0cxx_digit_separators
    Feature record: CXX_FEATURE:1cxx_enum_forward_declarations
    Feature record: CXX_FEATURE:1cxx_explicit_conversions
    Feature record: CXX_FEATURE:1cxx_extended_friend_declarations
    Feature record: CXX_FEATURE:1cxx_extern_templates
    Feature record: CXX_FEATURE:1cxx_final
    Feature record: CXX_FEATURE:1cxx_func_identifier
    Feature record: CXX_FEATURE:1cxx_generalized_initializers
    Feature record: CXX_FEATURE:0cxx_generic_lambdas
    Feature record: CXX_FEATURE:1cxx_inheriting_constructors
    Feature record: CXX_FEATURE:1cxx_inline_namespaces
    Feature record: CXX_FEATURE:1cxx_lambdas
    Feature record: CXX_FEATURE:0cxx_lambda_init_captures
    Feature record: CXX_FEATURE:1cxx_local_type_template_args
    Feature record: CXX_FEATURE:1cxx_long_long_type
    Feature record: CXX_FEATURE:1cxx_noexcept
    Feature record: CXX_FEATURE:1cxx_nonstatic_member_init
    Feature record: CXX_FEATURE:1cxx_nullptr
    Feature record: CXX_FEATURE:1cxx_override
    Feature record: CXX_FEATURE:1cxx_range_for
    Feature record: CXX_FEATURE:1cxx_raw_string_literals
    Feature record: CXX_FEATURE:1cxx_reference_qualified_functions
    Feature record: CXX_FEATURE:0cxx_relaxed_constexpr
    Feature record: CXX_FEATURE:0cxx_return_type_deduction
    Feature record: CXX_FEATURE:1cxx_right_angle_brackets
    Feature record: CXX_FEATURE:1cxx_rvalue_references
    Feature record: CXX_FEATURE:1cxx_sizeof_member
    Feature record: CXX_FEATURE:1cxx_static_assert
    Feature record: CXX_FEATURE:1cxx_strong_enums
    Feature record: CXX_FEATURE:1cxx_template_template_parameters
    Feature record: CXX_FEATURE:1cxx_thread_local
    Feature record: CXX_FEATURE:1cxx_trailing_return_types
    Feature record: CXX_FEATURE:1cxx_unicode_literals
    Feature record: CXX_FEATURE:1cxx_uniform_initialization
    Feature record: CXX_FEATURE:1cxx_unrestricted_unions
    Feature record: CXX_FEATURE:1cxx_user_literals
    Feature record: CXX_FEATURE:0cxx_variable_templates
    Feature record: CXX_FEATURE:1cxx_variadic_macros
    Feature record: CXX_FEATURE:1cxx_variadic_templates


Detecting CXX [-std=c++98] compiler features compiled with the following output:
Change Dir: /Users/liamsycamore/Documents/Arduino_Test/bin/CMakeFiles/CMakeTmp

Run Build Command:"/usr/bin/make" "cmTC_a6f8d/fast"
/Applications/Xcode.app/Contents/Developer/usr/bin/make -f CMakeFiles/cmTC_a6f8d.dir/build.make CMakeFiles/cmTC_a6f8d.dir/build
Building CXX object CMakeFiles/cmTC_a6f8d.dir/feature_tests.cxx.obj
/usr/local/CrossPack-AVR/bin/avr-g++    -mmcu=atmega328p -DF_CPU=16000000 -I/Users/liamsycamore/Documents/Arduino_Test/libarduinocore -Os    -std=c++98 -o CMakeFiles/cmTC_a6f8d.dir/feature_tests.cxx.obj -c /Users/liamsycamore/Documents/Arduino_Test/bin/CMakeFiles/feature_tests.cxx
Linking CXX executable cmTC_a6f8d
/Applications/CMake.app/Contents/bin/cmake -E cmake_link_script CMakeFiles/cmTC_a6f8d.dir/link.txt --verbose=1
/usr/local/CrossPack-AVR/bin/avr-g++  -mmcu=atmega328p -DF_CPU=16000000 -I/Users/liamsycamore/Documents/Arduino_Test/libarduinocore -Os     CMakeFiles/cmTC_a6f8d.dir/feature_tests.cxx.obj  -o cmTC_a6f8d 


    Feature record: CXX_FEATURE:0cxx_aggregate_default_initializers
    Feature record: CXX_FEATURE:0cxx_alias_templates
    Feature record: CXX_FEATURE:0cxx_alignas
    Feature record: CXX_FEATURE:0cxx_alignof
    Feature record: CXX_FEATURE:0cxx_attributes
    Feature record: CXX_FEATURE:0cxx_attribute_deprecated
    Feature record: CXX_FEATURE:0cxx_auto_type
    Feature record: CXX_FEATURE:0cxx_binary_literals
    Feature record: CXX_FEATURE:0cxx_constexpr
    Feature record: CXX_FEATURE:0cxx_contextual_conversions
    Feature record: CXX_FEATURE:0cxx_decltype
    Feature record: CXX_FEATURE:0cxx_decltype_auto
    Feature record: CXX_FEATURE:0cxx_decltype_incomplete_return_types
    Feature record: CXX_FEATURE:0cxx_default_function_template_args
    Feature record: CXX_FEATURE:0cxx_defaulted_functions
    Feature record: CXX_FEATURE:0cxx_defaulted_move_initializers
    Feature record: CXX_FEATURE:0cxx_delegating_constructors
    Feature record: CXX_FEATURE:0cxx_deleted_functions
    Feature record: CXX_FEATURE:0cxx_digit_separators
    Feature record: CXX_FEATURE:0cxx_enum_forward_declarations
    Feature record: CXX_FEATURE:0cxx_explicit_conversions
    Feature record: CXX_FEATURE:0cxx_extended_friend_declarations
    Feature record: CXX_FEATURE:0cxx_extern_templates
    Feature record: CXX_FEATURE:0cxx_final
    Feature record: CXX_FEATURE:0cxx_func_identifier
    Feature record: CXX_FEATURE:0cxx_generalized_initializers
    Feature record: CXX_FEATURE:0cxx_generic_lambdas
    Feature record: CXX_FEATURE:0cxx_inheriting_constructors
    Feature record: CXX_FEATURE:0cxx_inline_namespaces
    Feature record: CXX_FEATURE:0cxx_lambdas
    Feature record: CXX_FEATURE:0cxx_lambda_init_captures
    Feature record: CXX_FEATURE:0cxx_local_type_template_args
    Feature record: CXX_FEATURE:0cxx_long_long_type
    Feature record: CXX_FEATURE:0cxx_noexcept
    Feature record: CXX_FEATURE:0cxx_nonstatic_member_init
    Feature record: CXX_FEATURE:0cxx_nullptr
    Feature record: CXX_FEATURE:0cxx_override
    Feature record: CXX_FEATURE:0cxx_range_for
    Feature record: CXX_FEATURE:0cxx_raw_string_literals
    Feature record: CXX_FEATURE:0cxx_reference_qualified_functions
    Feature record: CXX_FEATURE:0cxx_relaxed_constexpr
    Feature record: CXX_FEATURE:0cxx_return_type_deduction
    Feature record: CXX_FEATURE:0cxx_right_angle_brackets
    Feature record: CXX_FEATURE:0cxx_rvalue_references
    Feature record: CXX_FEATURE:0cxx_sizeof_member
    Feature record: CXX_FEATURE:0cxx_static_assert
    Feature record: CXX_FEATURE:0cxx_strong_enums
    Feature record: CXX_FEATURE:1cxx_template_template_parameters
    Feature record: CXX_FEATURE:0cxx_thread_local
    Feature record: CXX_FEATURE:0cxx_trailing_return_types
    Feature record: CXX_FEATURE:0cxx_unicode_literals
    Feature record: CXX_FEATURE:0cxx_uniform_initialization
    Feature record: CXX_FEATURE:0cxx_unrestricted_unions
    Feature record: CXX_FEATURE:0cxx_user_literals
    Feature record: CXX_FEATURE:0cxx_variable_templates
    Feature record: CXX_FEATURE:0cxx_variadic_macros
    Feature record: CXX_FEATURE:0cxx_variadic_templates
