Compiling the C compiler identification source file "CMakeCCompilerId.c" failed.
Compiler: /usr/local/CrossPack-AVR/bin/avr-gcc 
Build flags: -mmcu=atmega328p;-gstabs;-DF_CPU=16000000;-I/Users/liamsycamore/Google;Drive/Code/Micros/Arduino_Test/libarduinocore;-Os;-Wall;-Wstrict-prototypes;-std=gnu99;
Id flags:  

The output was:
1
avr-gcc: error: Drive/Code/Micros/Arduino_Test/libarduinocore: No such file or directory


Compiling the C compiler identification source file "CMakeCCompilerId.c" failed.
Compiler: /usr/local/CrossPack-AVR/bin/avr-gcc 
Build flags: -mmcu=atmega328p;-gstabs;-DF_CPU=16000000;-I/Users/liamsycamore/Google;Drive/Code/Micros/Arduino_Test/libarduinocore;-Os;-Wall;-Wstrict-prototypes;-std=gnu99;
Id flags: -c 

The output was:
1
avr-gcc: error: Drive/Code/Micros/Arduino_Test/libarduinocore: No such file or directory


Compiling the C compiler identification source file "CMakeCCompilerId.c" failed.
Compiler: /usr/local/CrossPack-AVR/bin/avr-gcc 
Build flags: -mmcu=atmega328p;-gstabs;-DF_CPU=16000000;-I/Users/liamsycamore/Google;Drive/Code/Micros/Arduino_Test/libarduinocore;-Os;-Wall;-Wstrict-prototypes;-std=gnu99;
Id flags: -Aa 

The output was:
1
avr-gcc: error: Drive/Code/Micros/Arduino_Test/libarduinocore: No such file or directory


Compiling the C compiler identification source file "CMakeCCompilerId.c" failed.
Compiler: /usr/local/CrossPack-AVR/bin/avr-gcc 
Build flags: -mmcu=atmega328p;-gstabs;-DF_CPU=16000000;-I/Users/liamsycamore/Google;Drive/Code/Micros/Arduino_Test/libarduinocore;-Os;-Wall;-Wstrict-prototypes;-std=gnu99;
Id flags: -D__CLASSIC_C__ 

The output was:
1
avr-gcc: error: Drive/Code/Micros/Arduino_Test/libarduinocore: No such file or directory


Compiling the CXX compiler identification source file "CMakeCXXCompilerId.cpp" failed.
Compiler: /usr/local/CrossPack-AVR/bin/avr-g++ 
Build flags: -mmcu=atmega328p;-DF_CPU=16000000;-I/Users/liamsycamore/Google;Drive/Code/Micros/Arduino_Test/libarduinocore;-Os
Id flags:  

The output was:
1
avr-g++: error: Drive/Code/Micros/Arduino_Test/libarduinocore: No such file or directory


Compiling the CXX compiler identification source file "CMakeCXXCompilerId.cpp" failed.
Compiler: /usr/local/CrossPack-AVR/bin/avr-g++ 
Build flags: -mmcu=atmega328p;-DF_CPU=16000000;-I/Users/liamsycamore/Google;Drive/Code/Micros/Arduino_Test/libarduinocore;-Os
Id flags: -c 

The output was:
1
avr-g++: error: Drive/Code/Micros/Arduino_Test/libarduinocore: No such file or directory


