The target system is: Generic -  - 
The host system is: Darwin - 15.6.0 - x86_64
Compiling the C compiler identification source file "CMakeCCompilerId.c" succeeded.
Compiler: /usr/bin/gcc 
Build flags: -I/Users/liamsycamore/Documents/Arduino_Test/libsimulationcore;-Wall;-Wstrict-prototypes
Id flags:  

The output was:
0


Compilation of the C compiler identification source "CMakeCCompilerId.c" produced "a.out"

The C compiler identification is AppleClang, found in "/Users/liamsycamore/Documents/Arduino_Test/bin/simulation/CMakeFiles/3.9.0/CompilerIdC/a.out"

Compiling the CXX compiler identification source file "CMakeCXXCompilerId.cpp" succeeded.
Compiler: /usr/bin/g++ 
Build flags: -I/Users/liamsycamore/Documents/Arduino_Test/libsimulationcore;-Wc++11-extensions
Id flags:  

The output was:
0


Compilation of the CXX compiler identification source "CMakeCXXCompilerId.cpp" produced "a.out"

The CXX compiler identification is AppleClang, found in "/Users/liamsycamore/Documents/Arduino_Test/bin/simulation/CMakeFiles/3.9.0/CompilerIdCXX/a.out"

Determining if the C compiler works passed with the following output:
Change Dir: /Users/liamsycamore/Documents/Arduino_Test/bin/simulation/CMakeFiles/CMakeTmp

Run Build Command:"/usr/bin/make" "cmTC_43784/fast"
/Applications/Xcode.app/Contents/Developer/usr/bin/make -f CMakeFiles/cmTC_43784.dir/build.make CMakeFiles/cmTC_43784.dir/build
Building C object CMakeFiles/cmTC_43784.dir/testCCompiler.c.obj
/usr/bin/gcc   -I/Users/liamsycamore/Documents/Arduino_Test/libsimulationcore -Wall -Wstrict-prototypes    -o CMakeFiles/cmTC_43784.dir/testCCompiler.c.obj   -c /Users/liamsycamore/Documents/Arduino_Test/bin/simulation/CMakeFiles/CMakeTmp/testCCompiler.c
Linking C executable cmTC_43784
/Applications/CMake.app/Contents/bin/cmake -E cmake_link_script CMakeFiles/cmTC_43784.dir/link.txt --verbose=1
/usr/bin/gcc -I/Users/liamsycamore/Documents/Arduino_Test/libsimulationcore -Wall -Wstrict-prototypes     CMakeFiles/cmTC_43784.dir/testCCompiler.c.obj  -o cmTC_43784 


Detecting C compiler ABI info compiled with the following output:
Change Dir: /Users/liamsycamore/Documents/Arduino_Test/bin/simulation/CMakeFiles/CMakeTmp

Run Build Command:"/usr/bin/make" "cmTC_b5a34/fast"
/Applications/Xcode.app/Contents/Developer/usr/bin/make -f CMakeFiles/cmTC_b5a34.dir/build.make CMakeFiles/cmTC_b5a34.dir/build
Building C object CMakeFiles/cmTC_b5a34.dir/CMakeCCompilerABI.c.obj
/usr/bin/gcc   -I/Users/liamsycamore/Documents/Arduino_Test/libsimulationcore -Wall -Wstrict-prototypes    -o CMakeFiles/cmTC_b5a34.dir/CMakeCCompilerABI.c.obj   -c /Applications/CMake.app/Contents/share/cmake-3.9/Modules/CMakeCCompilerABI.c
Linking C executable cmTC_b5a34
/Applications/CMake.app/Contents/bin/cmake -E cmake_link_script CMakeFiles/cmTC_b5a34.dir/link.txt --verbose=1
/usr/bin/gcc -I/Users/liamsycamore/Documents/Arduino_Test/libsimulationcore -Wall -Wstrict-prototypes    -v CMakeFiles/cmTC_b5a34.dir/CMakeCCompilerABI.c.obj  -o cmTC_b5a34 
Apple LLVM version 8.0.0 (clang-800.0.42.1)
Target: x86_64-apple-darwin15.6.0
Thread model: posix
InstalledDir: /Applications/Xcode.app/Contents/Developer/Toolchains/XcodeDefault.xctoolchain/usr/bin
 "/Applications/Xcode.app/Contents/Developer/Toolchains/XcodeDefault.xctoolchain/usr/bin/ld" -demangle -dynamic -arch x86_64 -macosx_version_min 10.12.0 -syslibroot /Applications/Xcode.app/Contents/Developer/Platforms/MacOSX.platform/Developer/SDKs/MacOSX10.12.sdk -o cmTC_b5a34 CMakeFiles/cmTC_b5a34.dir/CMakeCCompilerABI.c.obj -lSystem /Applications/Xcode.app/Contents/Developer/Toolchains/XcodeDefault.xctoolchain/usr/bin/../lib/clang/8.0.0/lib/darwin/libclang_rt.osx.a


Parsed C implicit link information from above output:
  link line regex: [^( *|.*[/\])(ld|CMAKE_LINK_STARTFILE-NOTFOUND|([^/\]+-)?ld|collect2)[^/\]*( |$)]
  ignore line: [Change Dir: /Users/liamsycamore/Documents/Arduino_Test/bin/simulation/CMakeFiles/CMakeTmp]
  ignore line: []
  ignore line: [Run Build Command:"/usr/bin/make" "cmTC_b5a34/fast"]
  ignore line: [/Applications/Xcode.app/Contents/Developer/usr/bin/make -f CMakeFiles/cmTC_b5a34.dir/build.make CMakeFiles/cmTC_b5a34.dir/build]
  ignore line: [Building C object CMakeFiles/cmTC_b5a34.dir/CMakeCCompilerABI.c.obj]
  ignore line: [/usr/bin/gcc   -I/Users/liamsycamore/Documents/Arduino_Test/libsimulationcore -Wall -Wstrict-prototypes    -o CMakeFiles/cmTC_b5a34.dir/CMakeCCompilerABI.c.obj   -c /Applications/CMake.app/Contents/share/cmake-3.9/Modules/CMakeCCompilerABI.c]
  ignore line: [Linking C executable cmTC_b5a34]
  ignore line: [/Applications/CMake.app/Contents/bin/cmake -E cmake_link_script CMakeFiles/cmTC_b5a34.dir/link.txt --verbose=1]
  ignore line: [/usr/bin/gcc -I/Users/liamsycamore/Documents/Arduino_Test/libsimulationcore -Wall -Wstrict-prototypes    -v CMakeFiles/cmTC_b5a34.dir/CMakeCCompilerABI.c.obj  -o cmTC_b5a34 ]
  ignore line: [Apple LLVM version 8.0.0 (clang-800.0.42.1)]
  ignore line: [Target: x86_64-apple-darwin15.6.0]
  ignore line: [Thread model: posix]
  ignore line: [InstalledDir: /Applications/Xcode.app/Contents/Developer/Toolchains/XcodeDefault.xctoolchain/usr/bin]
  link line: [ "/Applications/Xcode.app/Contents/Developer/Toolchains/XcodeDefault.xctoolchain/usr/bin/ld" -demangle -dynamic -arch x86_64 -macosx_version_min 10.12.0 -syslibroot /Applications/Xcode.app/Contents/Developer/Platforms/MacOSX.platform/Developer/SDKs/MacOSX10.12.sdk -o cmTC_b5a34 CMakeFiles/cmTC_b5a34.dir/CMakeCCompilerABI.c.obj -lSystem /Applications/Xcode.app/Contents/Developer/Toolchains/XcodeDefault.xctoolchain/usr/bin/../lib/clang/8.0.0/lib/darwin/libclang_rt.osx.a]
    arg [/Applications/Xcode.app/Contents/Developer/Toolchains/XcodeDefault.xctoolchain/usr/bin/ld] ==> ignore
    arg [-demangle] ==> ignore
    arg [-dynamic] ==> ignore
    arg [-arch] ==> ignore
    arg [x86_64] ==> ignore
    arg [-macosx_version_min] ==> ignore
    arg [10.12.0] ==> ignore
    arg [-syslibroot] ==> ignore
    arg [/Applications/Xcode.app/Contents/Developer/Platforms/MacOSX.platform/Developer/SDKs/MacOSX10.12.sdk] ==> ignore
    arg [-o] ==> ignore
    arg [cmTC_b5a34] ==> ignore
    arg [CMakeFiles/cmTC_b5a34.dir/CMakeCCompilerABI.c.obj] ==> ignore
    arg [-lSystem] ==> lib [System]
    arg [/Applications/Xcode.app/Contents/Developer/Toolchains/XcodeDefault.xctoolchain/usr/bin/../lib/clang/8.0.0/lib/darwin/libclang_rt.osx.a] ==> lib [/Applications/Xcode.app/Contents/Developer/Toolchains/XcodeDefault.xctoolchain/usr/bin/../lib/clang/8.0.0/lib/darwin/libclang_rt.osx.a]
  remove lib [System]
  remove lib [/Applications/Xcode.app/Contents/Developer/Toolchains/XcodeDefault.xctoolchain/usr/bin/../lib/clang/8.0.0/lib/darwin/libclang_rt.osx.a]
  implicit libs: []
  implicit dirs: []
  implicit fwks: []




Detecting C [-std=c11] compiler features compiled with the following output:
Change Dir: /Users/liamsycamore/Documents/Arduino_Test/bin/simulation/CMakeFiles/CMakeTmp

Run Build Command:"/usr/bin/make" "cmTC_807c7/fast"
/Applications/Xcode.app/Contents/Developer/usr/bin/make -f CMakeFiles/cmTC_807c7.dir/build.make CMakeFiles/cmTC_807c7.dir/build
Building C object CMakeFiles/cmTC_807c7.dir/feature_tests.c.obj
/usr/bin/gcc   -I/Users/liamsycamore/Documents/Arduino_Test/libsimulationcore -Wall -Wstrict-prototypes    -std=c11 -o CMakeFiles/cmTC_807c7.dir/feature_tests.c.obj   -c /Users/liamsycamore/Documents/Arduino_Test/bin/simulation/CMakeFiles/feature_tests.c
Linking C executable cmTC_807c7
/Applications/CMake.app/Contents/bin/cmake -E cmake_link_script CMakeFiles/cmTC_807c7.dir/link.txt --verbose=1
/usr/bin/gcc -I/Users/liamsycamore/Documents/Arduino_Test/libsimulationcore -Wall -Wstrict-prototypes     CMakeFiles/cmTC_807c7.dir/feature_tests.c.obj  -o cmTC_807c7 


    Feature record: C_FEATURE:1c_function_prototypes
    Feature record: C_FEATURE:1c_restrict
    Feature record: C_FEATURE:1c_static_assert
    Feature record: C_FEATURE:1c_variadic_macros


Detecting C [-std=c99] compiler features compiled with the following output:
Change Dir: /Users/liamsycamore/Documents/Arduino_Test/bin/simulation/CMakeFiles/CMakeTmp

Run Build Command:"/usr/bin/make" "cmTC_609ea/fast"
/Applications/Xcode.app/Contents/Developer/usr/bin/make -f CMakeFiles/cmTC_609ea.dir/build.make CMakeFiles/cmTC_609ea.dir/build
Building C object CMakeFiles/cmTC_609ea.dir/feature_tests.c.obj
/usr/bin/gcc   -I/Users/liamsycamore/Documents/Arduino_Test/libsimulationcore -Wall -Wstrict-prototypes    -std=c99 -o CMakeFiles/cmTC_609ea.dir/feature_tests.c.obj   -c /Users/liamsycamore/Documents/Arduino_Test/bin/simulation/CMakeFiles/feature_tests.c
Linking C executable cmTC_609ea
/Applications/CMake.app/Contents/bin/cmake -E cmake_link_script CMakeFiles/cmTC_609ea.dir/link.txt --verbose=1
/usr/bin/gcc -I/Users/liamsycamore/Documents/Arduino_Test/libsimulationcore -Wall -Wstrict-prototypes     CMakeFiles/cmTC_609ea.dir/feature_tests.c.obj  -o cmTC_609ea 


    Feature record: C_FEATURE:1c_function_prototypes
    Feature record: C_FEATURE:1c_restrict
    Feature record: C_FEATURE:0c_static_assert
    Feature record: C_FEATURE:1c_variadic_macros


Detecting C [-std=c90] compiler features compiled with the following output:
Change Dir: /Users/liamsycamore/Documents/Arduino_Test/bin/simulation/CMakeFiles/CMakeTmp

Run Build Command:"/usr/bin/make" "cmTC_8f685/fast"
/Applications/Xcode.app/Contents/Developer/usr/bin/make -f CMakeFiles/cmTC_8f685.dir/build.make CMakeFiles/cmTC_8f685.dir/build
Building C object CMakeFiles/cmTC_8f685.dir/feature_tests.c.obj
/usr/bin/gcc   -I/Users/liamsycamore/Documents/Arduino_Test/libsimulationcore -Wall -Wstrict-prototypes    -std=c90 -o CMakeFiles/cmTC_8f685.dir/feature_tests.c.obj   -c /Users/liamsycamore/Documents/Arduino_Test/bin/simulation/CMakeFiles/feature_tests.c
Linking C executable cmTC_8f685
/Applications/CMake.app/Contents/bin/cmake -E cmake_link_script CMakeFiles/cmTC_8f685.dir/link.txt --verbose=1
/usr/bin/gcc -I/Users/liamsycamore/Documents/Arduino_Test/libsimulationcore -Wall -Wstrict-prototypes     CMakeFiles/cmTC_8f685.dir/feature_tests.c.obj  -o cmTC_8f685 


    Feature record: C_FEATURE:1c_function_prototypes
    Feature record: C_FEATURE:0c_restrict
    Feature record: C_FEATURE:0c_static_assert
    Feature record: C_FEATURE:0c_variadic_macros
Determining if the CXX compiler works passed with the following output:
Change Dir: /Users/liamsycamore/Documents/Arduino_Test/bin/simulation/CMakeFiles/CMakeTmp

Run Build Command:"/usr/bin/make" "cmTC_aa52a/fast"
/Applications/Xcode.app/Contents/Developer/usr/bin/make -f CMakeFiles/cmTC_aa52a.dir/build.make CMakeFiles/cmTC_aa52a.dir/build
Building CXX object CMakeFiles/cmTC_aa52a.dir/testCXXCompiler.cxx.obj
/usr/bin/g++    -I/Users/liamsycamore/Documents/Arduino_Test/libsimulationcore -Wc++11-extensions    -o CMakeFiles/cmTC_aa52a.dir/testCXXCompiler.cxx.obj -c /Users/liamsycamore/Documents/Arduino_Test/bin/simulation/CMakeFiles/CMakeTmp/testCXXCompiler.cxx
Linking CXX executable cmTC_aa52a
/Applications/CMake.app/Contents/bin/cmake -E cmake_link_script CMakeFiles/cmTC_aa52a.dir/link.txt --verbose=1
/usr/bin/g++  -I/Users/liamsycamore/Documents/Arduino_Test/libsimulationcore -Wc++11-extensions     CMakeFiles/cmTC_aa52a.dir/testCXXCompiler.cxx.obj  -o cmTC_aa52a 


Detecting CXX compiler ABI info compiled with the following output:
Change Dir: /Users/liamsycamore/Documents/Arduino_Test/bin/simulation/CMakeFiles/CMakeTmp

Run Build Command:"/usr/bin/make" "cmTC_4941a/fast"
/Applications/Xcode.app/Contents/Developer/usr/bin/make -f CMakeFiles/cmTC_4941a.dir/build.make CMakeFiles/cmTC_4941a.dir/build
Building CXX object CMakeFiles/cmTC_4941a.dir/CMakeCXXCompilerABI.cpp.obj
/usr/bin/g++    -I/Users/liamsycamore/Documents/Arduino_Test/libsimulationcore -Wc++11-extensions    -o CMakeFiles/cmTC_4941a.dir/CMakeCXXCompilerABI.cpp.obj -c /Applications/CMake.app/Contents/share/cmake-3.9/Modules/CMakeCXXCompilerABI.cpp
Linking CXX executable cmTC_4941a
/Applications/CMake.app/Contents/bin/cmake -E cmake_link_script CMakeFiles/cmTC_4941a.dir/link.txt --verbose=1
/usr/bin/g++  -I/Users/liamsycamore/Documents/Arduino_Test/libsimulationcore -Wc++11-extensions    -v CMakeFiles/cmTC_4941a.dir/CMakeCXXCompilerABI.cpp.obj  -o cmTC_4941a 
Apple LLVM version 8.0.0 (clang-800.0.42.1)
Target: x86_64-apple-darwin15.6.0
Thread model: posix
InstalledDir: /Applications/Xcode.app/Contents/Developer/Toolchains/XcodeDefault.xctoolchain/usr/bin
 "/Applications/Xcode.app/Contents/Developer/Toolchains/XcodeDefault.xctoolchain/usr/bin/ld" -demangle -dynamic -arch x86_64 -macosx_version_min 10.12.0 -syslibroot /Applications/Xcode.app/Contents/Developer/Platforms/MacOSX.platform/Developer/SDKs/MacOSX10.12.sdk -o cmTC_4941a CMakeFiles/cmTC_4941a.dir/CMakeCXXCompilerABI.cpp.obj -lc++ -lSystem /Applications/Xcode.app/Contents/Developer/Toolchains/XcodeDefault.xctoolchain/usr/bin/../lib/clang/8.0.0/lib/darwin/libclang_rt.osx.a


Parsed CXX implicit link information from above output:
  link line regex: [^( *|.*[/\])(ld|CMAKE_LINK_STARTFILE-NOTFOUND|([^/\]+-)?ld|collect2)[^/\]*( |$)]
  ignore line: [Change Dir: /Users/liamsycamore/Documents/Arduino_Test/bin/simulation/CMakeFiles/CMakeTmp]
  ignore line: []
  ignore line: [Run Build Command:"/usr/bin/make" "cmTC_4941a/fast"]
  ignore line: [/Applications/Xcode.app/Contents/Developer/usr/bin/make -f CMakeFiles/cmTC_4941a.dir/build.make CMakeFiles/cmTC_4941a.dir/build]
  ignore line: [Building CXX object CMakeFiles/cmTC_4941a.dir/CMakeCXXCompilerABI.cpp.obj]
  ignore line: [/usr/bin/g++    -I/Users/liamsycamore/Documents/Arduino_Test/libsimulationcore -Wc++11-extensions    -o CMakeFiles/cmTC_4941a.dir/CMakeCXXCompilerABI.cpp.obj -c /Applications/CMake.app/Contents/share/cmake-3.9/Modules/CMakeCXXCompilerABI.cpp]
  ignore line: [Linking CXX executable cmTC_4941a]
  ignore line: [/Applications/CMake.app/Contents/bin/cmake -E cmake_link_script CMakeFiles/cmTC_4941a.dir/link.txt --verbose=1]
  ignore line: [/usr/bin/g++  -I/Users/liamsycamore/Documents/Arduino_Test/libsimulationcore -Wc++11-extensions    -v CMakeFiles/cmTC_4941a.dir/CMakeCXXCompilerABI.cpp.obj  -o cmTC_4941a ]
  ignore line: [Apple LLVM version 8.0.0 (clang-800.0.42.1)]
  ignore line: [Target: x86_64-apple-darwin15.6.0]
  ignore line: [Thread model: posix]
  ignore line: [InstalledDir: /Applications/Xcode.app/Contents/Developer/Toolchains/XcodeDefault.xctoolchain/usr/bin]
  link line: [ "/Applications/Xcode.app/Contents/Developer/Toolchains/XcodeDefault.xctoolchain/usr/bin/ld" -demangle -dynamic -arch x86_64 -macosx_version_min 10.12.0 -syslibroot /Applications/Xcode.app/Contents/Developer/Platforms/MacOSX.platform/Developer/SDKs/MacOSX10.12.sdk -o cmTC_4941a CMakeFiles/cmTC_4941a.dir/CMakeCXXCompilerABI.cpp.obj -lc++ -lSystem /Applications/Xcode.app/Contents/Developer/Toolchains/XcodeDefault.xctoolchain/usr/bin/../lib/clang/8.0.0/lib/darwin/libclang_rt.osx.a]
    arg [/Applications/Xcode.app/Contents/Developer/Toolchains/XcodeDefault.xctoolchain/usr/bin/ld] ==> ignore
    arg [-demangle] ==> ignore
    arg [-dynamic] ==> ignore
    arg [-arch] ==> ignore
    arg [x86_64] ==> ignore
    arg [-macosx_version_min] ==> ignore
    arg [10.12.0] ==> ignore
    arg [-syslibroot] ==> ignore
    arg [/Applications/Xcode.app/Contents/Developer/Platforms/MacOSX.platform/Developer/SDKs/MacOSX10.12.sdk] ==> ignore
    arg [-o] ==> ignore
    arg [cmTC_4941a] ==> ignore
    arg [CMakeFiles/cmTC_4941a.dir/CMakeCXXCompilerABI.cpp.obj] ==> ignore
    arg [-lc++] ==> lib [c++]
    arg [-lSystem] ==> lib [System]
    arg [/Applications/Xcode.app/Contents/Developer/Toolchains/XcodeDefault.xctoolchain/usr/bin/../lib/clang/8.0.0/lib/darwin/libclang_rt.osx.a] ==> lib [/Applications/Xcode.app/Contents/Developer/Toolchains/XcodeDefault.xctoolchain/usr/bin/../lib/clang/8.0.0/lib/darwin/libclang_rt.osx.a]
  remove lib [System]
  remove lib [/Applications/Xcode.app/Contents/Developer/Toolchains/XcodeDefault.xctoolchain/usr/bin/../lib/clang/8.0.0/lib/darwin/libclang_rt.osx.a]
  implicit libs: [c++]
  implicit dirs: []
  implicit fwks: []




Detecting CXX [-std=c++1z] compiler features compiled with the following output:
Change Dir: /Users/liamsycamore/Documents/Arduino_Test/bin/simulation/CMakeFiles/CMakeTmp

Run Build Command:"/usr/bin/make" "cmTC_6aab6/fast"
/Applications/Xcode.app/Contents/Developer/usr/bin/make -f CMakeFiles/cmTC_6aab6.dir/build.make CMakeFiles/cmTC_6aab6.dir/build
Building CXX object CMakeFiles/cmTC_6aab6.dir/feature_tests.cxx.obj
/usr/bin/g++    -I/Users/liamsycamore/Documents/Arduino_Test/libsimulationcore -Wc++11-extensions    -std=c++1z -o CMakeFiles/cmTC_6aab6.dir/feature_tests.cxx.obj -c /Users/liamsycamore/Documents/Arduino_Test/bin/simulation/CMakeFiles/feature_tests.cxx
Linking CXX executable cmTC_6aab6
/Applications/CMake.app/Contents/bin/cmake -E cmake_link_script CMakeFiles/cmTC_6aab6.dir/link.txt --verbose=1
/usr/bin/g++  -I/Users/liamsycamore/Documents/Arduino_Test/libsimulationcore -Wc++11-extensions     CMakeFiles/cmTC_6aab6.dir/feature_tests.cxx.obj  -o cmTC_6aab6 


    Feature record: CXX_FEATURE:1cxx_aggregate_default_initializers
    Feature record: CXX_FEATURE:1cxx_alias_templates
    Feature record: CXX_FEATURE:1cxx_alignas
    Feature record: CXX_FEATURE:1cxx_alignof
    Feature record: CXX_FEATURE:1cxx_attributes
    Feature record: CXX_FEATURE:1cxx_attribute_deprecated
    Feature record: CXX_FEATURE:1cxx_auto_type
    Feature record: CXX_FEATURE:1cxx_binary_literals
    Feature record: CXX_FEATURE:1cxx_constexpr
    Feature record: CXX_FEATURE:1cxx_contextual_conversions
    Feature record: CXX_FEATURE:1cxx_decltype
    Feature record: CXX_FEATURE:1cxx_decltype_auto
    Feature record: CXX_FEATURE:1cxx_decltype_incomplete_return_types
    Feature record: CXX_FEATURE:1cxx_default_function_template_args
    Feature record: CXX_FEATURE:1cxx_defaulted_functions
    Feature record: CXX_FEATURE:1cxx_defaulted_move_initializers
    Feature record: CXX_FEATURE:1cxx_delegating_constructors
    Feature record: CXX_FEATURE:1cxx_deleted_functions
    Feature record: CXX_FEATURE:1cxx_digit_separators
    Feature record: CXX_FEATURE:1cxx_enum_forward_declarations
    Feature record: CXX_FEATURE:1cxx_explicit_conversions
    Feature record: CXX_FEATURE:1cxx_extended_friend_declarations
    Feature record: CXX_FEATURE:1cxx_extern_templates
    Feature record: CXX_FEATURE:1cxx_final
    Feature record: CXX_FEATURE:1cxx_func_identifier
    Feature record: CXX_FEATURE:1cxx_generalized_initializers
    Feature record: CXX_FEATURE:1cxx_generic_lambdas
    Feature record: CXX_FEATURE:1cxx_inheriting_constructors
    Feature record: CXX_FEATURE:1cxx_inline_namespaces
    Feature record: CXX_FEATURE:1cxx_lambdas
    Feature record: CXX_FEATURE:1cxx_lambda_init_captures
    Feature record: CXX_FEATURE:1cxx_local_type_template_args
    Feature record: CXX_FEATURE:1cxx_long_long_type
    Feature record: CXX_FEATURE:1cxx_noexcept
    Feature record: CXX_FEATURE:1cxx_nonstatic_member_init
    Feature record: CXX_FEATURE:1cxx_nullptr
    Feature record: CXX_FEATURE:1cxx_override
    Feature record: CXX_FEATURE:1cxx_range_for
    Feature record: CXX_FEATURE:1cxx_raw_string_literals
    Feature record: CXX_FEATURE:1cxx_reference_qualified_functions
    Feature record: CXX_FEATURE:1cxx_relaxed_constexpr
    Feature record: CXX_FEATURE:1cxx_return_type_deduction
    Feature record: CXX_FEATURE:1cxx_right_angle_brackets
    Feature record: CXX_FEATURE:1cxx_rvalue_references
    Feature record: CXX_FEATURE:1cxx_sizeof_member
    Feature record: CXX_FEATURE:1cxx_static_assert
    Feature record: CXX_FEATURE:1cxx_strong_enums
    Feature record: CXX_FEATURE:1cxx_template_template_parameters
    Feature record: CXX_FEATURE:1cxx_thread_local
    Feature record: CXX_FEATURE:1cxx_trailing_return_types
    Feature record: CXX_FEATURE:1cxx_unicode_literals
    Feature record: CXX_FEATURE:1cxx_uniform_initialization
    Feature record: CXX_FEATURE:1cxx_unrestricted_unions
    Feature record: CXX_FEATURE:1cxx_user_literals
    Feature record: CXX_FEATURE:1cxx_variable_templates
    Feature record: CXX_FEATURE:1cxx_variadic_macros
    Feature record: CXX_FEATURE:1cxx_variadic_templates


Detecting CXX [-std=c++14] compiler features compiled with the following output:
Change Dir: /Users/liamsycamore/Documents/Arduino_Test/bin/simulation/CMakeFiles/CMakeTmp

Run Build Command:"/usr/bin/make" "cmTC_2eab8/fast"
/Applications/Xcode.app/Contents/Developer/usr/bin/make -f CMakeFiles/cmTC_2eab8.dir/build.make CMakeFiles/cmTC_2eab8.dir/build
Building CXX object CMakeFiles/cmTC_2eab8.dir/feature_tests.cxx.obj
/usr/bin/g++    -I/Users/liamsycamore/Documents/Arduino_Test/libsimulationcore -Wc++11-extensions    -std=c++14 -o CMakeFiles/cmTC_2eab8.dir/feature_tests.cxx.obj -c /Users/liamsycamore/Documents/Arduino_Test/bin/simulation/CMakeFiles/feature_tests.cxx
Linking CXX executable cmTC_2eab8
/Applications/CMake.app/Contents/bin/cmake -E cmake_link_script CMakeFiles/cmTC_2eab8.dir/link.txt --verbose=1
/usr/bin/g++  -I/Users/liamsycamore/Documents/Arduino_Test/libsimulationcore -Wc++11-extensions     CMakeFiles/cmTC_2eab8.dir/feature_tests.cxx.obj  -o cmTC_2eab8 


    Feature record: CXX_FEATURE:1cxx_aggregate_default_initializers
    Feature record: CXX_FEATURE:1cxx_alias_templates
    Feature record: CXX_FEATURE:1cxx_alignas
    Feature record: CXX_FEATURE:1cxx_alignof
    Feature record: CXX_FEATURE:1cxx_attributes
    Feature record: CXX_FEATURE:1cxx_attribute_deprecated
    Feature record: CXX_FEATURE:1cxx_auto_type
    Feature record: CXX_FEATURE:1cxx_binary_literals
    Feature record: CXX_FEATURE:1cxx_constexpr
    Feature record: CXX_FEATURE:1cxx_contextual_conversions
    Feature record: CXX_FEATURE:1cxx_decltype
    Feature record: CXX_FEATURE:1cxx_decltype_auto
    Feature record: CXX_FEATURE:1cxx_decltype_incomplete_return_types
    Feature record: CXX_FEATURE:1cxx_default_function_template_args
    Feature record: CXX_FEATURE:1cxx_defaulted_functions
    Feature record: CXX_FEATURE:1cxx_defaulted_move_initializers
    Feature record: CXX_FEATURE:1cxx_delegating_constructors
    Feature record: CXX_FEATURE:1cxx_deleted_functions
    Feature record: CXX_FEATURE:1cxx_digit_separators
    Feature record: CXX_FEATURE:1cxx_enum_forward_declarations
    Feature record: CXX_FEATURE:1cxx_explicit_conversions
    Feature record: CXX_FEATURE:1cxx_extended_friend_declarations
    Feature record: CXX_FEATURE:1cxx_extern_templates
    Feature record: CXX_FEATURE:1cxx_final
    Feature record: CXX_FEATURE:1cxx_func_identifier
    Feature record: CXX_FEATURE:1cxx_generalized_initializers
    Feature record: CXX_FEATURE:1cxx_generic_lambdas
    Feature record: CXX_FEATURE:1cxx_inheriting_constructors
    Feature record: CXX_FEATURE:1cxx_inline_namespaces
    Feature record: CXX_FEATURE:1cxx_lambdas
    Feature record: CXX_FEATURE:1cxx_lambda_init_captures
    Feature record: CXX_FEATURE:1cxx_local_type_template_args
    Feature record: CXX_FEATURE:1cxx_long_long_type
    Feature record: CXX_FEATURE:1cxx_noexcept
    Feature record: CXX_FEATURE:1cxx_nonstatic_member_init
    Feature record: CXX_FEATURE:1cxx_nullptr
    Feature record: CXX_FEATURE:1cxx_override
    Feature record: CXX_FEATURE:1cxx_range_for
    Feature record: CXX_FEATURE:1cxx_raw_string_literals
    Feature record: CXX_FEATURE:1cxx_reference_qualified_functions
    Feature record: CXX_FEATURE:1cxx_relaxed_constexpr
    Feature record: CXX_FEATURE:1cxx_return_type_deduction
    Feature record: CXX_FEATURE:1cxx_right_angle_brackets
    Feature record: CXX_FEATURE:1cxx_rvalue_references
    Feature record: CXX_FEATURE:1cxx_sizeof_member
    Feature record: CXX_FEATURE:1cxx_static_assert
    Feature record: CXX_FEATURE:1cxx_strong_enums
    Feature record: CXX_FEATURE:1cxx_template_template_parameters
    Feature record: CXX_FEATURE:1cxx_thread_local
    Feature record: CXX_FEATURE:1cxx_trailing_return_types
    Feature record: CXX_FEATURE:1cxx_unicode_literals
    Feature record: CXX_FEATURE:1cxx_uniform_initialization
    Feature record: CXX_FEATURE:1cxx_unrestricted_unions
    Feature record: CXX_FEATURE:1cxx_user_literals
    Feature record: CXX_FEATURE:1cxx_variable_templates
    Feature record: CXX_FEATURE:1cxx_variadic_macros
    Feature record: CXX_FEATURE:1cxx_variadic_templates


Detecting CXX [-std=c++11] compiler features compiled with the following output:
Change Dir: /Users/liamsycamore/Documents/Arduino_Test/bin/simulation/CMakeFiles/CMakeTmp

Run Build Command:"/usr/bin/make" "cmTC_89167/fast"
/Applications/Xcode.app/Contents/Developer/usr/bin/make -f CMakeFiles/cmTC_89167.dir/build.make CMakeFiles/cmTC_89167.dir/build
Building CXX object CMakeFiles/cmTC_89167.dir/feature_tests.cxx.obj
/usr/bin/g++    -I/Users/liamsycamore/Documents/Arduino_Test/libsimulationcore -Wc++11-extensions    -std=c++11 -o CMakeFiles/cmTC_89167.dir/feature_tests.cxx.obj -c /Users/liamsycamore/Documents/Arduino_Test/bin/simulation/CMakeFiles/feature_tests.cxx
Linking CXX executable cmTC_89167
/Applications/CMake.app/Contents/bin/cmake -E cmake_link_script CMakeFiles/cmTC_89167.dir/link.txt --verbose=1
/usr/bin/g++  -I/Users/liamsycamore/Documents/Arduino_Test/libsimulationcore -Wc++11-extensions     CMakeFiles/cmTC_89167.dir/feature_tests.cxx.obj  -o cmTC_89167 


    Feature record: CXX_FEATURE:0cxx_aggregate_default_initializers
    Feature record: CXX_FEATURE:1cxx_alias_templates
    Feature record: CXX_FEATURE:1cxx_alignas
    Feature record: CXX_FEATURE:1cxx_alignof
    Feature record: CXX_FEATURE:1cxx_attributes
    Feature record: CXX_FEATURE:0cxx_attribute_deprecated
    Feature record: CXX_FEATURE:1cxx_auto_type
    Feature record: CXX_FEATURE:0cxx_binary_literals
    Feature record: CXX_FEATURE:1cxx_constexpr
    Feature record: CXX_FEATURE:0cxx_contextual_conversions
    Feature record: CXX_FEATURE:1cxx_decltype
    Feature record: CXX_FEATURE:0cxx_decltype_auto
    Feature record: CXX_FEATURE:1cxx_decltype_incomplete_return_types
    Feature record: CXX_FEATURE:1cxx_default_function_template_args
    Feature record: CXX_FEATURE:1cxx_defaulted_functions
    Feature record: CXX_FEATURE:1cxx_defaulted_move_initializers
    Feature record: CXX_FEATURE:1cxx_delegating_constructors
    Feature record: CXX_FEATURE:1cxx_deleted_functions
    Feature record: CXX_FEATURE:0cxx_digit_separators
    Feature record: CXX_FEATURE:1cxx_enum_forward_declarations
    Feature record: CXX_FEATURE:1cxx_explicit_conversions
    Feature record: CXX_FEATURE:1cxx_extended_friend_declarations
    Feature record: CXX_FEATURE:1cxx_extern_templates
    Feature record: CXX_FEATURE:1cxx_final
    Feature record: CXX_FEATURE:1cxx_func_identifier
    Feature record: CXX_FEATURE:1cxx_generalized_initializers
    Feature record: CXX_FEATURE:0cxx_generic_lambdas
    Feature record: CXX_FEATURE:1cxx_inheriting_constructors
    Feature record: CXX_FEATURE:1cxx_inline_namespaces
    Feature record: CXX_FEATURE:1cxx_lambdas
    Feature record: CXX_FEATURE:0cxx_lambda_init_captures
    Feature record: CXX_FEATURE:1cxx_local_type_template_args
    Feature record: CXX_FEATURE:1cxx_long_long_type
    Feature record: CXX_FEATURE:1cxx_noexcept
    Feature record: CXX_FEATURE:1cxx_nonstatic_member_init
    Feature record: CXX_FEATURE:1cxx_nullptr
    Feature record: CXX_FEATURE:1cxx_override
    Feature record: CXX_FEATURE:1cxx_range_for
    Feature record: CXX_FEATURE:1cxx_raw_string_literals
    Feature record: CXX_FEATURE:1cxx_reference_qualified_functions
    Feature record: CXX_FEATURE:0cxx_relaxed_constexpr
    Feature record: CXX_FEATURE:0cxx_return_type_deduction
    Feature record: CXX_FEATURE:1cxx_right_angle_brackets
    Feature record: CXX_FEATURE:1cxx_rvalue_references
    Feature record: CXX_FEATURE:1cxx_sizeof_member
    Feature record: CXX_FEATURE:1cxx_static_assert
    Feature record: CXX_FEATURE:1cxx_strong_enums
    Feature record: CXX_FEATURE:1cxx_template_template_parameters
    Feature record: CXX_FEATURE:1cxx_thread_local
    Feature record: CXX_FEATURE:1cxx_trailing_return_types
    Feature record: CXX_FEATURE:1cxx_unicode_literals
    Feature record: CXX_FEATURE:1cxx_uniform_initialization
    Feature record: CXX_FEATURE:1cxx_unrestricted_unions
    Feature record: CXX_FEATURE:1cxx_user_literals
    Feature record: CXX_FEATURE:0cxx_variable_templates
    Feature record: CXX_FEATURE:1cxx_variadic_macros
    Feature record: CXX_FEATURE:1cxx_variadic_templates


Detecting CXX [-std=c++98] compiler features compiled with the following output:
Change Dir: /Users/liamsycamore/Documents/Arduino_Test/bin/simulation/CMakeFiles/CMakeTmp

Run Build Command:"/usr/bin/make" "cmTC_d7b81/fast"
/Applications/Xcode.app/Contents/Developer/usr/bin/make -f CMakeFiles/cmTC_d7b81.dir/build.make CMakeFiles/cmTC_d7b81.dir/build
Building CXX object CMakeFiles/cmTC_d7b81.dir/feature_tests.cxx.obj
/usr/bin/g++    -I/Users/liamsycamore/Documents/Arduino_Test/libsimulationcore -Wc++11-extensions    -std=c++98 -o CMakeFiles/cmTC_d7b81.dir/feature_tests.cxx.obj -c /Users/liamsycamore/Documents/Arduino_Test/bin/simulation/CMakeFiles/feature_tests.cxx
Linking CXX executable cmTC_d7b81
/Applications/CMake.app/Contents/bin/cmake -E cmake_link_script CMakeFiles/cmTC_d7b81.dir/link.txt --verbose=1
/usr/bin/g++  -I/Users/liamsycamore/Documents/Arduino_Test/libsimulationcore -Wc++11-extensions     CMakeFiles/cmTC_d7b81.dir/feature_tests.cxx.obj  -o cmTC_d7b81 


    Feature record: CXX_FEATURE:0cxx_aggregate_default_initializers
    Feature record: CXX_FEATURE:0cxx_alias_templates
    Feature record: CXX_FEATURE:0cxx_alignas
    Feature record: CXX_FEATURE:0cxx_alignof
    Feature record: CXX_FEATURE:0cxx_attributes
    Feature record: CXX_FEATURE:0cxx_attribute_deprecated
    Feature record: CXX_FEATURE:0cxx_auto_type
    Feature record: CXX_FEATURE:0cxx_binary_literals
    Feature record: CXX_FEATURE:0cxx_constexpr
    Feature record: CXX_FEATURE:0cxx_contextual_conversions
    Feature record: CXX_FEATURE:0cxx_decltype
    Feature record: CXX_FEATURE:0cxx_decltype_auto
    Feature record: CXX_FEATURE:0cxx_decltype_incomplete_return_types
    Feature record: CXX_FEATURE:0cxx_default_function_template_args
    Feature record: CXX_FEATURE:0cxx_defaulted_functions
    Feature record: CXX_FEATURE:0cxx_defaulted_move_initializers
    Feature record: CXX_FEATURE:0cxx_delegating_constructors
    Feature record: CXX_FEATURE:0cxx_deleted_functions
    Feature record: CXX_FEATURE:0cxx_digit_separators
    Feature record: CXX_FEATURE:0cxx_enum_forward_declarations
    Feature record: CXX_FEATURE:0cxx_explicit_conversions
    Feature record: CXX_FEATURE:0cxx_extended_friend_declarations
    Feature record: CXX_FEATURE:0cxx_extern_templates
    Feature record: CXX_FEATURE:0cxx_final
    Feature record: CXX_FEATURE:0cxx_func_identifier
    Feature record: CXX_FEATURE:0cxx_generalized_initializers
    Feature record: CXX_FEATURE:0cxx_generic_lambdas
    Feature record: CXX_FEATURE:0cxx_inheriting_constructors
    Feature record: CXX_FEATURE:0cxx_inline_namespaces
    Feature record: CXX_FEATURE:0cxx_lambdas
    Feature record: CXX_FEATURE:0cxx_lambda_init_captures
    Feature record: CXX_FEATURE:0cxx_local_type_template_args
    Feature record: CXX_FEATURE:0cxx_long_long_type
    Feature record: CXX_FEATURE:0cxx_noexcept
    Feature record: CXX_FEATURE:0cxx_nonstatic_member_init
    Feature record: CXX_FEATURE:0cxx_nullptr
    Feature record: CXX_FEATURE:0cxx_override
    Feature record: CXX_FEATURE:0cxx_range_for
    Feature record: CXX_FEATURE:0cxx_raw_string_literals
    Feature record: CXX_FEATURE:0cxx_reference_qualified_functions
    Feature record: CXX_FEATURE:0cxx_relaxed_constexpr
    Feature record: CXX_FEATURE:0cxx_return_type_deduction
    Feature record: CXX_FEATURE:0cxx_right_angle_brackets
    Feature record: CXX_FEATURE:0cxx_rvalue_references
    Feature record: CXX_FEATURE:0cxx_sizeof_member
    Feature record: CXX_FEATURE:0cxx_static_assert
    Feature record: CXX_FEATURE:0cxx_strong_enums
    Feature record: CXX_FEATURE:1cxx_template_template_parameters
    Feature record: CXX_FEATURE:0cxx_thread_local
    Feature record: CXX_FEATURE:0cxx_trailing_return_types
    Feature record: CXX_FEATURE:0cxx_unicode_literals
    Feature record: CXX_FEATURE:0cxx_uniform_initialization
    Feature record: CXX_FEATURE:0cxx_unrestricted_unions
    Feature record: CXX_FEATURE:0cxx_user_literals
    Feature record: CXX_FEATURE:0cxx_variable_templates
    Feature record: CXX_FEATURE:0cxx_variadic_macros
    Feature record: CXX_FEATURE:0cxx_variadic_templates
